#
# There is insufficient memory for the Java Runtime Environment to continue.
# Native memory allocation (mmap) failed to map 65011712 bytes for Failed to commit area from 0x00000000c2200000 to 0x00000000c6000000 of length 65011712.
# Possible reasons:
#   The system is out of physical RAM or swap space
#   The process is running with CompressedOops enabled, and the Java Heap may be blocking the growth of the native heap
# Possible solutions:
#   Reduce memory load on the system
#   Increase physical memory or swap space
#   Check if swap backing store is full
#   Decrease Java heap size (-Xmx/-Xms)
#   Decrease number of Java threads
#   Decrease Java thread stack sizes (-Xss)
#   Set larger code cache with -XX:ReservedCodeCacheSize=
# This output file may be truncated or incomplete.
#
#  Out of Memory Error (./open/src/hotspot/os/windows/os_windows.cpp:3273), pid=18132, tid=16236
#
# JRE version:  (11.0.11+9) (build )
# Java VM: Java HotSpot(TM) 64-Bit Server VM (11.0.11+9-LTS-194, mixed mode, sharing, tiered, compressed oops, g1 gc, windows-amd64)
# No core dump will be written. Minidumps are not enabled by default on client versions of Windows
#

---------------  S U M M A R Y ------------

Command Line: -Dclassworlds.conf=D:\file_cai_dat\mvn\apache-maven-3.6.3-bin\apache-maven-3.6.3\bin\..\bin\m2.conf -Dmaven.home=D:\file_cai_dat\mvn\apache-maven-3.6.3-bin\apache-maven-3.6.3\bin\.. -Dlibrary.jansi.path=D:\file_cai_dat\mvn\apache-maven-3.6.3-bin\apache-maven-3.6.3\bin\..\lib\jansi-native -Dmaven.multiModuleProjectDirectory=D:\Automation_learning\08-Maven-Cucumber Framework org.codehaus.plexus.classworlds.launcher.Launcher clean test

Host: Intel(R) Core(TM) i7-3687U CPU @ 2.10GHz, 4 cores, 3G,  Windows 10 , 64 bit Build 19041 (10.0.19041.1566)
Time: Tue Jul 12 13:10:20 2022 SE Asia Standard Time elapsed time: 0.039755 seconds (0d 0h 0m 0s)

---------------  T H R E A D  ---------------

Current thread (0x000001ae31b76800):  JavaThread "Unknown thread" [_thread_in_vm, id=16236, stack(0x000000aa22d00000,0x000000aa22e00000)]

Stack: [0x000000aa22d00000,0x000000aa22e00000]
Native frames: (J=compiled Java code, j=interpreted, Vv=VM code, C=native code)
V  [jvm.dll+0x616f2a]
V  [jvm.dll+0x74de7f]
V  [jvm.dll+0x74f505]
V  [jvm.dll+0x74fb83]
V  [jvm.dll+0x2436d8]
V  [jvm.dll+0x61431a]
V  [jvm.dll+0x6090f5]
V  [jvm.dll+0x2f7eec]
V  [jvm.dll+0x2f7d72]
V  [jvm.dll+0x2fca26]
V  [jvm.dll+0x33efef]
V  [jvm.dll+0x33ea20]
V  [jvm.dll+0x2d5608]
V  [jvm.dll+0x2d6766]
V  [jvm.dll+0x7299e7]
V  [jvm.dll+0x72b28f]
V  [jvm.dll+0x34bd39]
V  [jvm.dll+0x70f360]
V  [jvm.dll+0x3b50df]
V  [jvm.dll+0x3b71e1]
C  [jli.dll+0x520b]
C  [ucrtbase.dll+0x21bb2]
C  [KERNEL32.DLL+0x17034]
C  [ntdll.dll+0x52651]


---------------  P R O C E S S  ---------------

Threads class SMR info:
_java_thread_list=0x000001ae2fa01b90, length=0, elements={
}

Java Threads: ( => current thread )

Other Threads:
  0x000001ae31b8d000 GCTaskThread "GC Thread#0" [stack: 0x000000aa22e00000,0x000000aa22f00000] [id=7180]
  0x000001ae31ba6800 ConcurrentGCThread "G1 Main Marker" [stack: 0x000000aa22f00000,0x000000aa23000000] [id=2160]
  0x000001ae31ba9000 ConcurrentGCThread "G1 Conc#0" [stack: 0x000000aa23000000,0x000000aa23100000] [id=8724]

[error occurred during error reporting (printing all threads), id 0xc0000005, EXCEPTION_ACCESS_VIOLATION (0xc0000005) at pc=0x00007ffda4ec4857]

VM state:not at safepoint (not fully initialized)

VM Mutex/Monitor currently owned by a thread:  ([mutex/lock_event])
[0x000001ae31b74110] Heap_lock - owner thread: 0x000001ae31b76800

Heap address: 0x00000000c2200000, size: 990 MB, Compressed Oops mode: Non-zero based: 0x00000000c2200000
Narrow klass base: 0x0000000000000000, Narrow klass shift: 0

GC Heap History (0 events):
No events

Deoptimization events (0 events):
No events

Classes redefined (0 events):
No events

Internal exceptions (0 events):
No events

Events (0 events):
No events


Dynamic libraries:
0x00007ff7a4920000 - 0x00007ff7a492f000 	C:\Program Files\Java\jdk-11.0.11\bin\java.exe
0x00007ffe06dd0000 - 0x00007ffe06fc5000 	C:\WINDOWS\SYSTEM32\ntdll.dll
0x00007ffe05030000 - 0x00007ffe050ee000 	C:\WINDOWS\System32\KERNEL32.DLL
0x00007ffe04b30000 - 0x00007ffe04df8000 	C:\WINDOWS\System32\KERNELBASE.dll
0x00007ffe04620000 - 0x00007ffe04720000 	C:\WINDOWS\System32\ucrtbase.dll
0x00007ffddc350000 - 0x00007ffddc365000 	C:\Program Files\Java\jdk-11.0.11\bin\VCRUNTIME140.dll
0x00007ffddc270000 - 0x00007ffddc288000 	C:\Program Files\Java\jdk-11.0.11\bin\jli.dll
0x00007ffe067a0000 - 0x00007ffe0684e000 	C:\WINDOWS\System32\ADVAPI32.dll
0x00007ffe058d0000 - 0x00007ffe0596e000 	C:\WINDOWS\System32\msvcrt.dll
0x00007ffe04f60000 - 0x00007ffe04ffc000 	C:\WINDOWS\System32\sechost.dll
0x00007ffe06670000 - 0x00007ffe06795000 	C:\WINDOWS\System32\RPCRT4.dll
0x00007ffe05e20000 - 0x00007ffe05fc0000 	C:\WINDOWS\System32\USER32.dll
0x00007ffdf3800000 - 0x00007ffdf3a9a000 	C:\WINDOWS\WinSxS\amd64_microsoft.windows.common-controls_6595b64144ccf1df_6.0.19041.1110_none_60b5254171f9507e\COMCTL32.dll
0x00007ffe04e00000 - 0x00007ffe04e22000 	C:\WINDOWS\System32\win32u.dll
0x00007ffe050f0000 - 0x00007ffe0511b000 	C:\WINDOWS\System32\GDI32.dll
0x00007ffe04980000 - 0x00007ffe04a8b000 	C:\WINDOWS\System32\gdi32full.dll
0x00007ffe04a90000 - 0x00007ffe04b2d000 	C:\WINDOWS\System32\msvcp_win.dll
0x00007ffdf4410000 - 0x00007ffdf441a000 	C:\WINDOWS\SYSTEM32\VERSION.dll
0x00007ffe05000000 - 0x00007ffe05030000 	C:\WINDOWS\System32\IMM32.DLL
0x00007ffdc93b0000 - 0x00007ffdc944b000 	C:\Program Files\Java\jdk-11.0.11\bin\msvcp140.dll
0x00007ffda4be0000 - 0x00007ffda56de000 	C:\Program Files\Java\jdk-11.0.11\bin\server\jvm.dll
0x00007ffe06860000 - 0x00007ffe06868000 	C:\WINDOWS\System32\PSAPI.DLL
0x00007ffde38f0000 - 0x00007ffde3917000 	C:\WINDOWS\SYSTEM32\WINMM.dll
0x00007ffdf0250000 - 0x00007ffdf0259000 	C:\WINDOWS\SYSTEM32\WSOCK32.dll
0x00007ffe05fe0000 - 0x00007ffe0604b000 	C:\WINDOWS\System32\WS2_32.dll
0x00007ffe02d90000 - 0x00007ffe02da2000 	C:\WINDOWS\SYSTEM32\kernel.appcore.dll
0x00007ffdf7aa0000 - 0x00007ffdf7ab0000 	C:\Program Files\Java\jdk-11.0.11\bin\verify.dll
0x00007ffe023d0000 - 0x00007ffe025b4000 	C:\WINDOWS\SYSTEM32\DBGHELP.DLL
0x00007ffdef480000 - 0x00007ffdef4ac000 	C:\WINDOWS\SYSTEM32\dbgcore.DLL
0x00007ffe04790000 - 0x00007ffe04812000 	C:\WINDOWS\System32\bcryptPrimitives.dll
0x00007ffdd8bf0000 - 0x00007ffdd8c18000 	C:\Program Files\Java\jdk-11.0.11\bin\java.dll
0x00007ffdf69e0000 - 0x00007ffdf69ea000 	C:\Program Files\Java\jdk-11.0.11\bin\jimage.dll
0x00007ffddc160000 - 0x00007ffddc176000 	C:\Program Files\Java\jdk-11.0.11\bin\zip.dll

dbghelp: loaded successfully - version: 4.0.5 - missing functions: none
symbol engine: initialized successfully - sym options: 0x614 - pdb path: .;C:\Program Files\Java\jdk-11.0.11\bin;C:\WINDOWS\SYSTEM32;C:\WINDOWS\WinSxS\amd64_microsoft.windows.common-controls_6595b64144ccf1df_6.0.19041.1110_none_60b5254171f9507e;C:\Program Files\Java\jdk-11.0.11\bin\server

VM Arguments:
jvm_args: -Dclassworlds.conf=D:\file_cai_dat\mvn\apache-maven-3.6.3-bin\apache-maven-3.6.3\bin\..\bin\m2.conf -Dmaven.home=D:\file_cai_dat\mvn\apache-maven-3.6.3-bin\apache-maven-3.6.3\bin\.. -Dlibrary.jansi.path=D:\file_cai_dat\mvn\apache-maven-3.6.3-bin\apache-maven-3.6.3\bin\..\lib\jansi-native -Dmaven.multiModuleProjectDirectory=D:\Automation_learning\08-Maven-Cucumber Framework 
java_command: org.codehaus.plexus.classworlds.launcher.Launcher clean test
java_class_path (initial): D:\file_cai_dat\mvn\apache-maven-3.6.3-bin\apache-maven-3.6.3\bin\..\boot\plexus-classworlds-2.6.0.jar
Launcher Type: SUN_STANDARD

[Global flags]
     intx CICompilerCount                          = 3                                         {product} {ergonomic}
     uint ConcGCThreads                            = 1                                         {product} {ergonomic}
     uint G1ConcRefinementThreads                  = 4                                         {product} {ergonomic}
   size_t G1HeapRegionSize                         = 1048576                                   {product} {ergonomic}
    uintx GCDrainStackTargetSize                   = 64                                        {product} {ergonomic}
   size_t InitialHeapSize                          = 65011712                                  {product} {ergonomic}
   size_t MarkStackSize                            = 4194304                                   {product} {ergonomic}
   size_t MaxHeapSize                              = 1038090240                                {product} {ergonomic}
   size_t MinHeapDeltaBytes                        = 1048576                                   {product} {ergonomic}
    uintx NonNMethodCodeHeapSize                   = 5830732                                {pd product} {ergonomic}
    uintx NonProfiledCodeHeapSize                  = 122913754                              {pd product} {ergonomic}
    uintx ProfiledCodeHeapSize                     = 122913754                              {pd product} {ergonomic}
    uintx ReservedCodeCacheSize                    = 251658240                              {pd product} {ergonomic}
     bool SegmentedCodeCache                       = true                                      {product} {ergonomic}
     bool UseCompressedClassPointers               = true                                 {lp64_product} {ergonomic}
     bool UseCompressedOops                        = true                                 {lp64_product} {ergonomic}
     bool UseG1GC                                  = true                                      {product} {ergonomic}
     bool UseLargePagesIndividualAllocation        = false                                  {pd product} {ergonomic}

Logging:
Log output configuration:
 #0: stdout all=warning uptime,level,tags
 #1: stderr all=off uptime,level,tags

Environment Variables:
JAVA_HOME=C:\Program Files\Java\jdk-11.0.11
PATH=C:\Program Files\Common Files\Oracle\Java\javapath;C:\Program Files (x86)\Common Files\Intel\Shared Libraries\redist\intel64\compiler;C:\app\Giun\product\12.1.0\dbhome_1\bin;C:\Program Files\Microsoft MPI\Bin\;C:\WINDOWS\system32;C:\WINDOWS;C:\WINDOWS\System32\Wbem;C:\WINDOWS\System32\WindowsPowerShell\v1.0\;C:\Program Files\dotnet\;C:\WINDOWS\System32\OpenSSH\;C:\Program Files\Java\jdk-15.0.1\bin;C:\Program Files\Java\jdk\bin;C:\Program Files\Java\jdk-11.0.11\bin;C:\Program Files\Git\cmd;C:\Program Files\Java\jdk-11.0.11\bin;D:\Automation_learning\01-Software\allure-commandline-2.13.5\allure-2.13.5\bin;%MAVEN-HOME%\bin;C:\Users\Kim Ngan\AppData\Local\Microsoft\WindowsApps;D:\file_cai_dat\mvn\apache-maven-3.6.3-bin\apache-maven-3.6.3\bin
USERNAME=Kim Ngan
OS=Windows_NT
PROCESSOR_IDENTIFIER=Intel64 Family 6 Model 58 Stepping 9, GenuineIntel



---------------  S Y S T E M  ---------------

OS: Windows 10 , 64 bit Build 19041 (10.0.19041.1566)

CPU:total 4 (initial active 4) (2 cores per cpu, 2 threads per core) family 6 model 58 stepping 9 microcode 0x21, cmov, cx8, fxsr, mmx, sse, sse2, sse3, ssse3, sse4.1, sse4.2, popcnt, avx, aes, clmul, erms, ht, tsc, tscinvbit, tscinv

Memory: 4k page, system-wide physical 3959M (256M free)
TotalPageFile size 16247M (AvailPageFile size 14M)
current process WorkingSet (physical memory assigned to process): 9M, peak: 9M
current process commit charge ("private bytes"): 51M, peak: 113M

vm_info: Java HotSpot(TM) 64-Bit Server VM (11.0.11+9-LTS-194) for windows-amd64 JRE (11.0.11+9-LTS-194), built on Mar 18 2021 18:46:53 by "mach5one" with MS VC++ 15.9 (VS2017)

END.
