#
# There is insufficient memory for the Java Runtime Environment to continue.
# Native memory allocation (malloc) failed to allocate 1445696 bytes for Chunk::new
# Possible reasons:
#   The system is out of physical RAM or swap space
#   The process is running with CompressedOops enabled, and the Java Heap may be blocking the growth of the native heap
# Possible solutions:
#   Reduce memory load on the system
#   Increase physical memory or swap space
#   Check if swap backing store is full
#   Decrease Java heap size (-Xmx/-Xms)
#   Decrease number of Java threads
#   Decrease Java thread stack sizes (-Xss)
#   Set larger code cache with -XX:ReservedCodeCacheSize=
#   JVM is running with Unscaled Compressed Oops mode in which the Java heap is
#     placed in the first 4GB address space. The Java Heap base address is the
#     maximum limit for the native heap growth. Please use -XX:HeapBaseMinAddress
#     to set the Java Heap base and to place the Java Heap above 4GB virtual address.
# This output file may be truncated or incomplete.
#
#  Out of Memory Error (./open/src/hotspot/share/memory/arena.cpp:197), pid=3012, tid=18068
#
# JRE version: Java(TM) SE Runtime Environment 18.9 (11.0.11+9) (build 11.0.11+9-LTS-194)
# Java VM: Java HotSpot(TM) 64-Bit Server VM 18.9 (11.0.11+9-LTS-194, mixed mode, tiered, compressed oops, g1 gc, windows-amd64)
# No core dump will be written. Minidumps are not enabled by default on client versions of Windows
#

---------------  S U M M A R Y ------------

Command Line: -ea -Dfile.encoding=UTF-8 org.eclipse.jdt.internal.junit.runner.RemoteTestRunner -version 3 -port 49995 -testLoaderClass org.eclipse.jdt.internal.junit4.runner.JUnit4TestLoader -loaderpluginname org.eclipse.jdt.junit4.runtime -classNames cucumberOptions.TestRunner

Host: Intel(R) Core(TM) i7-3687U CPU @ 2.10GHz, 4 cores, 3G,  Windows 10 , 64 bit Build 19041 (10.0.19041.1566)
Time: Tue Jul 12 23:57:15 2022 SE Asia Standard Time elapsed time: 18.627336 seconds (0d 0h 0m 18s)

---------------  T H R E A D  ---------------

Current thread (0x000001a4ecd5e000):  JavaThread "C2 CompilerThread0" daemon [_thread_in_native, id=18068, stack(0x0000009380c00000,0x0000009380d00000)]


Current CompileTask:
C2:  18627 2479   !   4       jdk.internal.loader.BuiltinClassLoader::loadClassOrNull (143 bytes)

Stack: [0x0000009380c00000,0x0000009380d00000]
Native frames: (J=compiled Java code, j=interpreted, Vv=VM code, C=native code)
V  [jvm.dll+0x616f2a]
V  [jvm.dll+0x74de7f]
V  [jvm.dll+0x74f505]
V  [jvm.dll+0x74fb83]
V  [jvm.dll+0x2436d8]
V  [jvm.dll+0xba68c]
V  [jvm.dll+0xbad8c]
V  [jvm.dll+0x2b3ee4]
V  [jvm.dll+0x52c0f6]
V  [jvm.dll+0x20506d]
V  [jvm.dll+0x1ff0aa]
V  [jvm.dll+0x1fc10f]
V  [jvm.dll+0x17f0bc]
V  [jvm.dll+0x20b68c]
V  [jvm.dll+0x20978b]
V  [jvm.dll+0x7152c9]
V  [jvm.dll+0x70dfc4]
V  [jvm.dll+0x6160f6]
C  [ucrtbase.dll+0x21bb2]
C  [KERNEL32.DLL+0x17034]
C  [ntdll.dll+0x52651]


---------------  P R O C E S S  ---------------

Threads class SMR info:
_java_thread_list=0x000001a4ee0780e0, length=17, elements={
0x000001a4d06e0000, 0x000001a4eccd8800, 0x000001a4ecd04800, 0x000001a4ecd51800,
0x000001a4ecd52000, 0x000001a4ecd5e000, 0x000001a4ecd68800, 0x000001a4ecd6d800,
0x000001a4ecfe2800, 0x000001a4ecfe3800, 0x000001a4ed324800, 0x000001a4ee08b000,
0x000001a4ee08b800, 0x000001a4edc6e800, 0x000001a4ee08a000, 0x000001a4ede9d800,
0x000001a4ee0d2000
}

Java Threads: ( => current thread )
  0x000001a4d06e0000 JavaThread "main" [_thread_in_vm, id=10608, stack(0x0000009380100000,0x0000009380200000)]
  0x000001a4eccd8800 JavaThread "Reference Handler" daemon [_thread_blocked, id=19028, stack(0x0000009380800000,0x0000009380900000)]
  0x000001a4ecd04800 JavaThread "Finalizer" daemon [_thread_blocked, id=13256, stack(0x0000009380900000,0x0000009380a00000)]
  0x000001a4ecd51800 JavaThread "Signal Dispatcher" daemon [_thread_blocked, id=13288, stack(0x0000009380a00000,0x0000009380b00000)]
  0x000001a4ecd52000 JavaThread "Attach Listener" daemon [_thread_blocked, id=1456, stack(0x0000009380b00000,0x0000009380c00000)]
=>0x000001a4ecd5e000 JavaThread "C2 CompilerThread0" daemon [_thread_in_native, id=18068, stack(0x0000009380c00000,0x0000009380d00000)]
  0x000001a4ecd68800 JavaThread "C1 CompilerThread0" daemon [_thread_in_native, id=17152, stack(0x0000009380d00000,0x0000009380e00000)]
  0x000001a4ecd6d800 JavaThread "Sweeper thread" daemon [_thread_blocked, id=16928, stack(0x0000009380e00000,0x0000009380f00000)]
  0x000001a4ecfe2800 JavaThread "Service Thread" daemon [_thread_blocked, id=17060, stack(0x0000009380f00000,0x0000009381000000)]
  0x000001a4ecfe3800 JavaThread "Common-Cleaner" daemon [_thread_blocked, id=14032, stack(0x0000009381100000,0x0000009381200000)]
  0x000001a4ed324800 JavaThread "ReaderThread" [_thread_in_native, id=17960, stack(0x0000009381200000,0x0000009381300000)]
  0x000001a4ee08b000 JavaThread "Exec Default Executor" daemon [_thread_in_native, id=19600, stack(0x0000009381900000,0x0000009381a00000)]
  0x000001a4ee08b800 JavaThread "Exec Stream Pumper" daemon [_thread_in_native, id=13728, stack(0x0000009381a00000,0x0000009381b00000)]
  0x000001a4edc6e800 JavaThread "Exec Stream Pumper" daemon [_thread_in_native, id=1192, stack(0x0000009381b00000,0x0000009381c00000)]
  0x000001a4ee08a000 JavaThread "ForkJoinPool.commonPool-worker-3" daemon [_thread_blocked, id=10764, stack(0x0000009381c00000,0x0000009381d00000)]
  0x000001a4ede9d800 JavaThread "OkHttp ConnectionPool" daemon [_thread_blocked, id=8564, stack(0x0000009381d00000,0x0000009381e00000)]
  0x000001a4ee0d2000 JavaThread "Okio Watchdog" daemon [_thread_blocked, id=20636, stack(0x0000009381e00000,0x0000009381f00000)]

Other Threads:
  0x000001a4eccd6000 VMThread "VM Thread" [stack: 0x0000009380700000,0x0000009380800000] [id=20296]
  0x000001a4ecfe7800 WatcherThread [stack: 0x0000009381000000,0x0000009381100000] [id=20712]
  0x000001a4d06f6800 GCTaskThread "GC Thread#0" [stack: 0x0000009380200000,0x0000009380300000] [id=11980]
  0x000001a4ed949800 GCTaskThread "GC Thread#1" [stack: 0x0000009381300000,0x0000009381400000] [id=17380]
  0x000001a4ed660800 GCTaskThread "GC Thread#2" [stack: 0x0000009381400000,0x0000009381500000] [id=24424]
  0x000001a4ed666000 GCTaskThread "GC Thread#3" [stack: 0x0000009381500000,0x0000009381600000] [id=15624]
  0x000001a4d0714000 ConcurrentGCThread "G1 Main Marker" [stack: 0x0000009380300000,0x0000009380400000] [id=9240]
  0x000001a4d0715000 ConcurrentGCThread "G1 Conc#0" [stack: 0x0000009380400000,0x0000009380500000] [id=8488]
  0x000001a4d0760800 ConcurrentGCThread "G1 Refine#0" [stack: 0x0000009380500000,0x0000009380600000] [id=21456]
  0x000001a4edb01800 ConcurrentGCThread "G1 Refine#1" [stack: 0x0000009381600000,0x0000009381700000] [id=22752]
  0x000001a4edd57800 ConcurrentGCThread "G1 Refine#2" [stack: 0x0000009381700000,0x0000009381800000] [id=20236]
  0x000001a4d0763800 ConcurrentGCThread "G1 Young RemSet Sampling" [stack: 0x0000009380600000,0x0000009380700000] [id=21180]

Threads with active compile tasks:
C2 CompilerThread0  20821 2479   !   4       jdk.internal.loader.BuiltinClassLoader::loadClassOrNull (143 bytes)
C1 CompilerThread0  20821 2566       3       org.yaml.snakeyaml.parser.ParserImpl::parseNode (1174 bytes)

VM state:not at safepoint (normal execution)

VM Mutex/Monitor currently owned by a thread: None

Heap address: 0x00000000c2200000, size: 990 MB, Compressed Oops mode: 32-bit
Narrow klass base: 0x0000000000000000, Narrow klass shift: 3
Compressed class space size: 1073741824 Address: 0x0000000100000000

Heap:
 garbage-first heap   total 63488K, used 32543K [0x00000000c2200000, 0x0000000100000000)
  region size 1024K, 25 young (25600K), 2 survivors (2048K)
 Metaspace       used 29235K, capacity 29877K, committed 29952K, reserved 1075200K
  class space    used 3536K, capacity 3792K, committed 3840K, reserved 1048576K
Heap Regions: E=young(eden), S=young(survivor), O=old, HS=humongous(starts), HC=humongous(continues), CS=collection set, F=free, A=archive, TAMS=top-at-mark-start (previous, next)
|   0|0x00000000c2200000, 0x00000000c2300000, 0x00000000c2300000|100%| O|  |TAMS 0x00000000c2300000, 0x00000000c2200000| Untracked 
|   1|0x00000000c2300000, 0x00000000c2400000, 0x00000000c2400000|100%| O|  |TAMS 0x00000000c2400000, 0x00000000c2300000| Untracked 
|   2|0x00000000c2400000, 0x00000000c2500000, 0x00000000c2500000|100%| O|  |TAMS 0x00000000c2500000, 0x00000000c2400000| Untracked 
|   3|0x00000000c2500000, 0x00000000c2600000, 0x00000000c2600000|100%| O|  |TAMS 0x00000000c2600000, 0x00000000c2500000| Untracked 
|   4|0x00000000c2600000, 0x00000000c2700000, 0x00000000c2700000|100%| O|  |TAMS 0x00000000c2700000, 0x00000000c2600000| Untracked 
|   5|0x00000000c2700000, 0x00000000c2800000, 0x00000000c2800000|100%| O|  |TAMS 0x00000000c2800000, 0x00000000c2700000| Untracked 
|   6|0x00000000c2800000, 0x00000000c2900000, 0x00000000c2900000|100%| O|  |TAMS 0x00000000c2900000, 0x00000000c2800000| Untracked 
|   7|0x00000000c2900000, 0x00000000c2a00000, 0x00000000c2a00000|100%| O|  |TAMS 0x00000000c2a00000, 0x00000000c2900000| Untracked 
|   8|0x00000000c2a00000, 0x00000000c2a27000, 0x00000000c2b00000| 15%| O|  |TAMS 0x00000000c2a27000, 0x00000000c2a00000| Untracked 
|   9|0x00000000c2b00000, 0x00000000c2b00000, 0x00000000c2c00000|  0%| F|  |TAMS 0x00000000c2b00000, 0x00000000c2b00000| Untracked 
|  10|0x00000000c2c00000, 0x00000000c2c00000, 0x00000000c2d00000|  0%| F|  |TAMS 0x00000000c2c00000, 0x00000000c2c00000| Untracked 
|  11|0x00000000c2d00000, 0x00000000c2d00000, 0x00000000c2e00000|  0%| F|  |TAMS 0x00000000c2d00000, 0x00000000c2d00000| Untracked 
|  12|0x00000000c2e00000, 0x00000000c2e00000, 0x00000000c2f00000|  0%| F|  |TAMS 0x00000000c2e00000, 0x00000000c2e00000| Untracked 
|  13|0x00000000c2f00000, 0x00000000c2f00000, 0x00000000c3000000|  0%| F|  |TAMS 0x00000000c2f00000, 0x00000000c2f00000| Untracked 
|  14|0x00000000c3000000, 0x00000000c3000000, 0x00000000c3100000|  0%| F|  |TAMS 0x00000000c3000000, 0x00000000c3000000| Untracked 
|  15|0x00000000c3100000, 0x00000000c3100000, 0x00000000c3200000|  0%| F|  |TAMS 0x00000000c3100000, 0x00000000c3100000| Untracked 
|  16|0x00000000c3200000, 0x00000000c3200000, 0x00000000c3300000|  0%| F|  |TAMS 0x00000000c3200000, 0x00000000c3200000| Untracked 
|  17|0x00000000c3300000, 0x00000000c3300000, 0x00000000c3400000|  0%| F|  |TAMS 0x00000000c3300000, 0x00000000c3300000| Untracked 
|  18|0x00000000c3400000, 0x00000000c3400000, 0x00000000c3500000|  0%| F|  |TAMS 0x00000000c3400000, 0x00000000c3400000| Untracked 
|  19|0x00000000c3500000, 0x00000000c3500000, 0x00000000c3600000|  0%| F|  |TAMS 0x00000000c3500000, 0x00000000c3500000| Untracked 
|  20|0x00000000c3600000, 0x00000000c3600000, 0x00000000c3700000|  0%| F|  |TAMS 0x00000000c3600000, 0x00000000c3600000| Untracked 
|  21|0x00000000c3700000, 0x00000000c3700000, 0x00000000c3800000|  0%| F|  |TAMS 0x00000000c3700000, 0x00000000c3700000| Untracked 
|  22|0x00000000c3800000, 0x00000000c3800000, 0x00000000c3900000|  0%| F|  |TAMS 0x00000000c3800000, 0x00000000c3800000| Untracked 
|  23|0x00000000c3900000, 0x00000000c3900000, 0x00000000c3a00000|  0%| F|  |TAMS 0x00000000c3900000, 0x00000000c3900000| Untracked 
|  24|0x00000000c3a00000, 0x00000000c3a00000, 0x00000000c3b00000|  0%| F|  |TAMS 0x00000000c3a00000, 0x00000000c3a00000| Untracked 
|  25|0x00000000c3b00000, 0x00000000c3b00000, 0x00000000c3c00000|  0%| F|  |TAMS 0x00000000c3b00000, 0x00000000c3b00000| Untracked 
|  26|0x00000000c3c00000, 0x00000000c3c00000, 0x00000000c3d00000|  0%| F|  |TAMS 0x00000000c3c00000, 0x00000000c3c00000| Untracked 
|  27|0x00000000c3d00000, 0x00000000c3d00000, 0x00000000c3e00000|  0%| F|  |TAMS 0x00000000c3d00000, 0x00000000c3d00000| Untracked 
|  28|0x00000000c3e00000, 0x00000000c3e00000, 0x00000000c3f00000|  0%| F|  |TAMS 0x00000000c3e00000, 0x00000000c3e00000| Untracked 
|  29|0x00000000c3f00000, 0x00000000c3f00000, 0x00000000c4000000|  0%| F|  |TAMS 0x00000000c3f00000, 0x00000000c3f00000| Untracked 
|  30|0x00000000c4000000, 0x00000000c4000000, 0x00000000c4100000|  0%| F|  |TAMS 0x00000000c4000000, 0x00000000c4000000| Untracked 
|  31|0x00000000c4100000, 0x00000000c4100000, 0x00000000c4200000|  0%| F|  |TAMS 0x00000000c4100000, 0x00000000c4100000| Untracked 
|  32|0x00000000c4200000, 0x00000000c4200000, 0x00000000c4300000|  0%| F|  |TAMS 0x00000000c4200000, 0x00000000c4200000| Untracked 
|  33|0x00000000c4300000, 0x00000000c4300000, 0x00000000c4400000|  0%| F|  |TAMS 0x00000000c4300000, 0x00000000c4300000| Untracked 
|  34|0x00000000c4400000, 0x00000000c4400000, 0x00000000c4500000|  0%| F|  |TAMS 0x00000000c4400000, 0x00000000c4400000| Untracked 
|  35|0x00000000c4500000, 0x00000000c4500000, 0x00000000c4600000|  0%| F|  |TAMS 0x00000000c4500000, 0x00000000c4500000| Untracked 
|  36|0x00000000c4600000, 0x00000000c4600000, 0x00000000c4700000|  0%| F|  |TAMS 0x00000000c4600000, 0x00000000c4600000| Untracked 
|  37|0x00000000c4700000, 0x00000000c47e56e8, 0x00000000c4800000| 89%| E|  |TAMS 0x00000000c4700000, 0x00000000c4700000| Complete 
|  38|0x00000000c4800000, 0x00000000c4900000, 0x00000000c4900000|100%| E|CS|TAMS 0x00000000c4800000, 0x00000000c4800000| Complete 
|  39|0x00000000c4900000, 0x00000000c49a0c20, 0x00000000c4a00000| 62%| S|CS|TAMS 0x00000000c4900000, 0x00000000c4900000| Complete 
|  40|0x00000000c4a00000, 0x00000000c4b00000, 0x00000000c4b00000|100%| S|CS|TAMS 0x00000000c4a00000, 0x00000000c4a00000| Complete 
|  41|0x00000000c4b00000, 0x00000000c4c00000, 0x00000000c4c00000|100%| E|CS|TAMS 0x00000000c4b00000, 0x00000000c4b00000| Complete 
|  42|0x00000000c4c00000, 0x00000000c4d00000, 0x00000000c4d00000|100%| E|CS|TAMS 0x00000000c4c00000, 0x00000000c4c00000| Complete 
|  43|0x00000000c4d00000, 0x00000000c4e00000, 0x00000000c4e00000|100%| E|CS|TAMS 0x00000000c4d00000, 0x00000000c4d00000| Complete 
|  44|0x00000000c4e00000, 0x00000000c4f00000, 0x00000000c4f00000|100%| E|CS|TAMS 0x00000000c4e00000, 0x00000000c4e00000| Complete 
|  45|0x00000000c4f00000, 0x00000000c5000000, 0x00000000c5000000|100%| E|CS|TAMS 0x00000000c4f00000, 0x00000000c4f00000| Complete 
|  46|0x00000000c5000000, 0x00000000c5100000, 0x00000000c5100000|100%| E|CS|TAMS 0x00000000c5000000, 0x00000000c5000000| Complete 
|  47|0x00000000c5100000, 0x00000000c5200000, 0x00000000c5200000|100%| E|CS|TAMS 0x00000000c5100000, 0x00000000c5100000| Complete 
|  48|0x00000000c5200000, 0x00000000c5300000, 0x00000000c5300000|100%| E|CS|TAMS 0x00000000c5200000, 0x00000000c5200000| Complete 
|  49|0x00000000c5300000, 0x00000000c5400000, 0x00000000c5400000|100%| E|CS|TAMS 0x00000000c5300000, 0x00000000c5300000| Complete 
|  50|0x00000000c5400000, 0x00000000c5500000, 0x00000000c5500000|100%| E|CS|TAMS 0x00000000c5400000, 0x00000000c5400000| Complete 
|  51|0x00000000c5500000, 0x00000000c5600000, 0x00000000c5600000|100%| E|CS|TAMS 0x00000000c5500000, 0x00000000c5500000| Complete 
|  52|0x00000000c5600000, 0x00000000c5700000, 0x00000000c5700000|100%| E|CS|TAMS 0x00000000c5600000, 0x00000000c5600000| Complete 
|  53|0x00000000c5700000, 0x00000000c5800000, 0x00000000c5800000|100%| E|CS|TAMS 0x00000000c5700000, 0x00000000c5700000| Complete 
|  54|0x00000000c5800000, 0x00000000c5900000, 0x00000000c5900000|100%| E|CS|TAMS 0x00000000c5800000, 0x00000000c5800000| Complete 
|  55|0x00000000c5900000, 0x00000000c5a00000, 0x00000000c5a00000|100%| E|CS|TAMS 0x00000000c5900000, 0x00000000c5900000| Complete 
|  56|0x00000000c5a00000, 0x00000000c5b00000, 0x00000000c5b00000|100%| E|CS|TAMS 0x00000000c5a00000, 0x00000000c5a00000| Complete 
|  57|0x00000000c5b00000, 0x00000000c5c00000, 0x00000000c5c00000|100%| E|CS|TAMS 0x00000000c5b00000, 0x00000000c5b00000| Complete 
|  58|0x00000000c5c00000, 0x00000000c5d00000, 0x00000000c5d00000|100%| E|CS|TAMS 0x00000000c5c00000, 0x00000000c5c00000| Complete 
|  59|0x00000000c5d00000, 0x00000000c5e00000, 0x00000000c5e00000|100%| E|CS|TAMS 0x00000000c5d00000, 0x00000000c5d00000| Complete 
|  60|0x00000000c5e00000, 0x00000000c5f00000, 0x00000000c5f00000|100%| E|CS|TAMS 0x00000000c5e00000, 0x00000000c5e00000| Complete 
|  61|0x00000000c5f00000, 0x00000000c6000000, 0x00000000c6000000|100%| E|CS|TAMS 0x00000000c5f00000, 0x00000000c5f00000| Complete 

Card table byte_map: [0x000001a4e7d80000,0x000001a4e7f70000] _byte_map_base: 0x000001a4e776f000

Marking Bits (Prev, Next): (CMBitMap*) 0x000001a4d070f250, (CMBitMap*) 0x000001a4d070f218
 Prev Bits: [0x000001a4e90e0000, 0x000001a4ea058000)
 Next Bits: [0x000001a4e8160000, 0x000001a4e90d8000)

Polling page: 0x000001a4cfec0000

Metaspace:

Usage:
  Non-class:     25.47 MB capacity,    25.10 MB ( 99%) used,   308.27 KB (  1%) free+waste,    70.69 KB ( <1%) overhead. 
      Class:      3.70 MB capacity,     3.45 MB ( 93%) used,   220.29 KB (  6%) free+waste,    34.06 KB ( <1%) overhead. 
       Both:     29.18 MB capacity,    28.56 MB ( 98%) used,   528.55 KB (  2%) free+waste,   104.75 KB ( <1%) overhead. 

Virtual space:
  Non-class space:       26.00 MB reserved,      25.50 MB ( 98%) committed 
      Class space:        1.00 GB reserved,       3.75 MB ( <1%) committed 
             Both:        1.03 GB reserved,      29.25 MB (  3%) committed 

Chunk freelists:
   Non-Class:  3.38 KB
       Class:  2.00 KB
        Both:  5.38 KB

CodeHeap 'non-profiled nmethods': size=120064Kb used=1028Kb max_used=1028Kb free=119035Kb
 bounds [0x000001a4e0650000, 0x000001a4e08c0000, 0x000001a4e7b90000]
CodeHeap 'profiled nmethods': size=120000Kb used=5505Kb max_used=5505Kb free=114494Kb
 bounds [0x000001a4d9120000, 0x000001a4d9690000, 0x000001a4e0650000]
CodeHeap 'non-nmethods': size=5696Kb used=1162Kb max_used=1176Kb free=4533Kb
 bounds [0x000001a4d8b90000, 0x000001a4d8e00000, 0x000001a4d9120000]
 total_blobs=3044 nmethods=2540 adapters=415
 compilation: enabled
              stopped_count=0, restarted_count=0
 full_count=0

Compilation events (10 events):
Event: 18.256 Thread 0x000001a4ecd68800 nmethod 2476 0x000001a4d9656a10 code [0x000001a4d9656bc0, 0x000001a4d9656e88]
Event: 18.258 Thread 0x000001a4ecd68800 2477       1       gherkin.formatter.model.BasicStatement::getName (5 bytes)
Event: 18.258 Thread 0x000001a4ecd68800 nmethod 2477 0x000001a4e074d210 code [0x000001a4e074d3a0, 0x000001a4e074d458]
Event: 18.258 Thread 0x000001a4ecd68800 2478       3       java.util.regex.Pattern$Begin::match (62 bytes)
Event: 18.258 Thread 0x000001a4ecd68800 nmethod 2478 0x000001a4d9656f90 code [0x000001a4d9657160, 0x000001a4d9657488]
Event: 18.307 Thread 0x000001a4ecd5e000 2479   !   4       jdk.internal.loader.BuiltinClassLoader::loadClassOrNull (143 bytes)
Event: 18.321 Thread 0x000001a4ecd68800 2481       3       java.util.regex.Pattern$BmpCharProperty::<init> (6 bytes)
Event: 18.321 Thread 0x000001a4ecd68800 nmethod 2481 0x000001a4d9657610 code [0x000001a4d96577c0, 0x000001a4d9657a98]
Event: 18.322 Thread 0x000001a4ecd68800 2482       3       java.util.regex.Pattern::range (292 bytes)
Event: 18.329 Thread 0x000001a4ecd68800 nmethod 2482 0x000001a4d9657b90 code [0x000001a4d9658080, 0x000001a4d965a738]

GC Heap History (8 events):
Event: 0.741 GC heap before
{Heap before GC invocations=0 (full 0):
 garbage-first heap   total 63488K, used 13312K [0x00000000c2200000, 0x0000000100000000)
  region size 1024K, 14 young (14336K), 0 survivors (0K)
 Metaspace       used 9417K, capacity 9574K, committed 9600K, reserved 1058816K
  class space    used 1068K, capacity 1128K, committed 1152K, reserved 1048576K
}
Event: 0.749 GC heap after
{Heap after GC invocations=1 (full 0):
 garbage-first heap   total 63488K, used 3303K [0x00000000c2200000, 0x0000000100000000)
  region size 1024K, 2 young (2048K), 2 survivors (2048K)
 Metaspace       used 9417K, capacity 9574K, committed 9600K, reserved 1058816K
  class space    used 1068K, capacity 1128K, committed 1152K, reserved 1048576K
}
Event: 2.800 GC heap before
{Heap before GC invocations=1 (full 0):
 garbage-first heap   total 63488K, used 39143K [0x00000000c2200000, 0x0000000100000000)
  region size 1024K, 37 young (37888K), 2 survivors (2048K)
 Metaspace       used 18483K, capacity 18777K, committed 18944K, reserved 1067008K
  class space    used 2108K, capacity 2213K, committed 2304K, reserved 1048576K
}
Event: 2.811 GC heap after
{Heap after GC invocations=2 (full 0):
 garbage-first heap   total 63488K, used 8333K [0x00000000c2200000, 0x0000000100000000)
  region size 1024K, 5 young (5120K), 5 survivors (5120K)
 Metaspace       used 18483K, capacity 18777K, committed 18944K, reserved 1067008K
  class space    used 2108K, capacity 2213K, committed 2304K, reserved 1048576K
}
Event: 3.105 GC heap before
{Heap before GC invocations=2 (full 0):
 garbage-first heap   total 63488K, used 13453K [0x00000000c2200000, 0x0000000100000000)
  region size 1024K, 11 young (11264K), 5 survivors (5120K)
 Metaspace       used 20867K, capacity 21148K, committed 21248K, reserved 1069056K
  class space    used 2421K, capacity 2514K, committed 2560K, reserved 1048576K
}
Event: 3.116 GC heap after
{Heap after GC invocations=3 (full 0):
 garbage-first heap   total 63488K, used 9242K [0x00000000c2200000, 0x0000000100000000)
  region size 1024K, 1 young (1024K), 1 survivors (1024K)
 Metaspace       used 20867K, capacity 21148K, committed 21248K, reserved 1069056K
  class space    used 2421K, capacity 2514K, committed 2560K, reserved 1048576K
}
Event: 5.137 GC heap before
{Heap before GC invocations=4 (full 0):
 garbage-first heap   total 63488K, used 29722K [0x00000000c2200000, 0x0000000100000000)
  region size 1024K, 21 young (21504K), 1 survivors (1024K)
 Metaspace       used 25471K, capacity 25929K, committed 26112K, reserved 1073152K
  class space    used 3053K, capacity 3236K, committed 3328K, reserved 1048576K
}
Event: 5.140 GC heap after
{Heap after GC invocations=5 (full 0):
 garbage-first heap   total 63488K, used 10015K [0x00000000c2200000, 0x0000000100000000)
  region size 1024K, 2 young (2048K), 2 survivors (2048K)
 Metaspace       used 25471K, capacity 25929K, committed 26112K, reserved 1073152K
  class space    used 3053K, capacity 3236K, committed 3328K, reserved 1048576K
}

Deoptimization events (10 events):
Event: 4.503 Thread 0x000001a4d06e0000 Uncommon trap: reason=unstable_if action=reinterpret pc=0x000001a4e06847b8 method=java.lang.String.replace(CC)Ljava/lang/String; @ 2 c2
Event: 5.076 Thread 0x000001a4d06e0000 Uncommon trap: reason=unstable_if action=reinterpret pc=0x000001a4e0736a60 method=jdk.internal.org.objectweb.asm.Type.getArgumentsAndReturnSizes(Ljava/lang/String;)I @ 41 c2
Event: 5.187 Thread 0x000001a4ee08a000 Uncommon trap: reason=class_check action=maybe_recompile pc=0x000001a4e070055c method=java.util.concurrent.ConcurrentHashMap.putVal(Ljava/lang/Object;Ljava/lang/Object;Z)Ljava/lang/Object; @ 242 c2
Event: 12.614 Thread 0x000001a4d06e0000 Uncommon trap: reason=class_check action=maybe_recompile pc=0x000001a4e07427ec method=org.openqa.selenium.json.Input.init()V @ 18 c2
Event: 12.614 Thread 0x000001a4d06e0000 Uncommon trap: reason=class_check action=maybe_recompile pc=0x000001a4e07427ec method=org.openqa.selenium.json.Input.init()V @ 18 c2
Event: 12.615 Thread 0x000001a4d06e0000 Uncommon trap: reason=class_check action=maybe_recompile pc=0x000001a4e07427ec method=org.openqa.selenium.json.Input.init()V @ 18 c2
Event: 12.615 Thread 0x000001a4d06e0000 Uncommon trap: reason=class_check action=maybe_recompile pc=0x000001a4e07427ec method=org.openqa.selenium.json.Input.init()V @ 18 c2
Event: 12.680 Thread 0x000001a4d06e0000 Uncommon trap: reason=intrinsic_or_type_checked_inlining action=make_not_entrant pc=0x000001a4e0748b48 method=java.util.Arrays.copyOf([Ljava/lang/Object;ILjava/lang/Class;)[Ljava/lang/Object; @ 35 c2
Event: 18.523 Thread 0x000001a4d06e0000 Uncommon trap: reason=unstable_if action=reinterpret pc=0x000001a4e06a3094 method=java.util.HashMap.hash(Ljava/lang/Object;)I @ 1 c2
Event: 18.523 Thread 0x000001a4d06e0000 Uncommon trap: reason=unstable_if action=reinterpret pc=0x000001a4e06a9c2c method=java.util.HashMap.hash(Ljava/lang/Object;)I @ 1 c2

Classes redefined (0 events):
No events

Internal exceptions (10 events):
Event: 5.077 Thread 0x000001a4d06e0000 Exception <a 'java/lang/NoSuchMethodError'{0x00000000c4daf2b8}: java.lang.invoke.DirectMethodHandle$Holder.invokeVirtual(Ljava/lang/Object;Ljava/lang/Object;)F> (0x00000000c4daf2b8) thrown at [./open/src/hotspot/share/interpreter/linkResolver.cpp, line 77
Event: 5.077 Thread 0x000001a4d06e0000 Exception <a 'java/lang/NoSuchMethodError'{0x00000000c4db7a30}: java.lang.invoke.DirectMethodHandle$Holder.invokeVirtual(Ljava/lang/Object;Ljava/lang/Object;)J> (0x00000000c4db7a30) thrown at [./open/src/hotspot/share/interpreter/linkResolver.cpp, line 77
Event: 5.111 Thread 0x000001a4d06e0000 Exception <a 'java/lang/NoSuchMethodError'{0x00000000c4b0fe10}: java.lang.invoke.DirectMethodHandle$Holder.invokeSpecial(Ljava/lang/Object;Ljava/lang/Object;Ljava/lang/Object;Ljava/lang/Object;Ljava/lang/Object;)V> (0x00000000c4b0fe10) thrown at [./open/s
Event: 5.177 Thread 0x000001a4d06e0000 Exception <a 'java/lang/NoSuchMethodError'{0x00000000c5e8a4d8}: java.lang.invoke.DirectMethodHandle$Holder.invokeStatic(Ljava/lang/Object;Ljava/lang/Object;Ljava/lang/Object;Ljava/lang/Object;Ljava/lang/Object;Ljava/lang/Object;)V> (0x00000000c5e8a4d8) th
Event: 5.296 Thread 0x000001a4d06e0000 Exception <a 'java/lang/NoSuchMethodError'{0x00000000c5a45ef8}: java.lang.invoke.DirectMethodHandle$Holder.invokeStatic(Ljava/lang/Object;Ljava/lang/Object;Ljava/lang/Object;Ljava/lang/Object;)V> (0x00000000c5a45ef8) thrown at [./open/src/hotspot/share/in
Event: 12.627 Thread 0x000001a4d06e0000 Exception <a 'java/lang/NoSuchMethodError'{0x00000000c5825908}: java.lang.invoke.DirectMethodHandle$Holder.invokeSpecialIFC(Ljava/lang/Object;Ljava/lang/Object;Ljava/lang/Object;)Ljava/lang/Object;> (0x00000000c5825908) thrown at [./open/src/hotspot/share
Event: 12.686 Thread 0x000001a4d06e0000 Exception <a 'java/lang/ClassNotFoundException'{0x00000000c5706ad8}: sun/util/logging/resources/spi/loggingProvider> (0x00000000c5706ad8) thrown at [./open/src/hotspot/share/classfile/systemDictionary.cpp, line 228]
Event: 12.758 Thread 0x000001a4d06e0000 Exception <a 'java/net/SocketTimeoutException'{0x00000000c57c20e0}: Read timed out> (0x00000000c57c20e0) thrown at [./open/src/hotspot/share/prims/jni.cpp, line 632]
Event: 18.523 Thread 0x000001a4d06e0000 Implicit null exception at 0x000001a4e06a2ed5 to 0x000001a4e06a3084
Event: 18.523 Thread 0x000001a4d06e0000 Implicit null exception at 0x000001a4e06a9baf to 0x000001a4e06a9c1d

Events (10 events):
Event: 18.591 loading class org/yaml/snakeyaml/tokens/AnchorToken
Event: 18.591 loading class org/yaml/snakeyaml/tokens/AnchorToken done
Event: 18.592 loading class org/yaml/snakeyaml/tokens/AliasToken
Event: 18.592 loading class org/yaml/snakeyaml/tokens/AliasToken done
Event: 18.593 loading class org/yaml/snakeyaml/tokens/ScalarToken
Event: 18.593 loading class org/yaml/snakeyaml/tokens/ScalarToken done
Event: 18.594 loading class java/nio/charset/CharacterCodingException
Event: 18.603 loading class java/nio/charset/CharacterCodingException done
Event: 18.603 loading class org/yaml/snakeyaml/tokens/TagToken
Event: 18.603 loading class org/yaml/snakeyaml/tokens/TagToken done


Dynamic libraries:
0x00007ff754090000 - 0x00007ff75409f000 	C:\Program Files\Java\jdk-11.0.11\bin\javaw.exe
0x00007ff804b90000 - 0x00007ff804d85000 	C:\WINDOWS\SYSTEM32\ntdll.dll
0x00007ff803fe0000 - 0x00007ff80409e000 	C:\WINDOWS\System32\KERNEL32.DLL
0x00007ff802700000 - 0x00007ff8029c8000 	C:\WINDOWS\System32\KERNELBASE.dll
0x00007ff802560000 - 0x00007ff802660000 	C:\WINDOWS\System32\ucrtbase.dll
0x00007ffff9df0000 - 0x00007ffff9e05000 	C:\Program Files\Java\jdk-11.0.11\bin\VCRUNTIME140.dll
0x00007ffff2710000 - 0x00007ffff2728000 	C:\Program Files\Java\jdk-11.0.11\bin\jli.dll
0x00007ff8033d0000 - 0x00007ff80347e000 	C:\WINDOWS\System32\ADVAPI32.dll
0x00007ff803620000 - 0x00007ff8036be000 	C:\WINDOWS\System32\msvcrt.dll
0x00007ff804a60000 - 0x00007ff804afc000 	C:\WINDOWS\System32\sechost.dll
0x00007ff8048d0000 - 0x00007ff8049f5000 	C:\WINDOWS\System32\RPCRT4.dll
0x00007ff803bf0000 - 0x00007ff803d90000 	C:\WINDOWS\System32\USER32.dll
0x00007ff802530000 - 0x00007ff802552000 	C:\WINDOWS\System32\win32u.dll
0x00007ff804b00000 - 0x00007ff804b2b000 	C:\WINDOWS\System32\GDI32.dll
0x00007ff802300000 - 0x00007ff80240b000 	C:\WINDOWS\System32\gdi32full.dll
0x00007ff802660000 - 0x00007ff8026fd000 	C:\WINDOWS\System32\msvcp_win.dll
0x00007ffff1910000 - 0x00007ffff191a000 	C:\WINDOWS\SYSTEM32\VERSION.dll
0x00007ffff2b30000 - 0x00007ffff2dca000 	C:\WINDOWS\WinSxS\amd64_microsoft.windows.common-controls_6595b64144ccf1df_6.0.19041.1110_none_60b5254171f9507e\COMCTL32.dll
0x00007ff803270000 - 0x00007ff8032a0000 	C:\WINDOWS\System32\IMM32.DLL
0x00007fffdcde0000 - 0x00007fffdce7b000 	C:\Program Files\Java\jdk-11.0.11\bin\msvcp140.dll
0x00007fffc5d50000 - 0x00007fffc684e000 	C:\Program Files\Java\jdk-11.0.11\bin\server\jvm.dll
0x00007ff803610000 - 0x00007ff803618000 	C:\WINDOWS\System32\PSAPI.DLL
0x00007fffee290000 - 0x00007fffee299000 	C:\WINDOWS\SYSTEM32\WSOCK32.dll
0x00007ff8035a0000 - 0x00007ff80360b000 	C:\WINDOWS\System32\WS2_32.dll
0x00007fffe0bc0000 - 0x00007fffe0be7000 	C:\WINDOWS\SYSTEM32\WINMM.dll
0x00007ff8001c0000 - 0x00007ff8001d2000 	C:\WINDOWS\SYSTEM32\kernel.appcore.dll
0x00007ffffa1c0000 - 0x00007ffffa1d0000 	C:\Program Files\Java\jdk-11.0.11\bin\verify.dll
0x00007fffffa70000 - 0x00007fffffc54000 	C:\WINDOWS\SYSTEM32\DBGHELP.DLL
0x00007fffeca40000 - 0x00007fffeca6c000 	C:\WINDOWS\SYSTEM32\dbgcore.DLL
0x00007ff8029d0000 - 0x00007ff802a52000 	C:\WINDOWS\System32\bcryptPrimitives.dll
0x00007ffff1b70000 - 0x00007ffff1b98000 	C:\Program Files\Java\jdk-11.0.11\bin\java.dll
0x00007ffff6a00000 - 0x00007ffff6a0a000 	C:\Program Files\Java\jdk-11.0.11\bin\jimage.dll
0x00007ffff1b50000 - 0x00007ffff1b66000 	C:\Program Files\Java\jdk-11.0.11\bin\zip.dll
0x00007ff8040a0000 - 0x00007ff8047e4000 	C:\WINDOWS\System32\SHELL32.dll
0x00007ff8003c0000 - 0x00007ff800b54000 	C:\WINDOWS\SYSTEM32\windows.storage.dll
0x00007ff803890000 - 0x00007ff803be4000 	C:\WINDOWS\System32\combase.dll
0x00007ff801d10000 - 0x00007ff801d3c000 	C:\WINDOWS\SYSTEM32\Wldp.dll
0x00007ff8036c0000 - 0x00007ff80376d000 	C:\WINDOWS\System32\SHCORE.dll
0x00007ff803530000 - 0x00007ff803585000 	C:\WINDOWS\System32\shlwapi.dll
0x00007ff8021f0000 - 0x00007ff80220f000 	C:\WINDOWS\SYSTEM32\profapi.dll
0x00007ffff16c0000 - 0x00007ffff16d9000 	C:\Program Files\Java\jdk-11.0.11\bin\net.dll
0x00007ffff44f0000 - 0x00007ffff45f9000 	C:\WINDOWS\SYSTEM32\WINHTTP.dll
0x00007ff801a70000 - 0x00007ff801ada000 	C:\WINDOWS\system32\mswsock.dll
0x00007fffef2c0000 - 0x00007fffef2d2000 	C:\Program Files\Java\jdk-11.0.11\bin\nio.dll
0x00007ffff4b50000 - 0x00007ffff4b5d000 	C:\Program Files\Java\jdk-11.0.11\bin\sunmscapi.dll
0x00007ff802a60000 - 0x00007ff802bb6000 	C:\WINDOWS\System32\CRYPT32.dll
0x00007ff801d80000 - 0x00007ff801da7000 	C:\WINDOWS\SYSTEM32\ncrypt.dll
0x00007ff801d40000 - 0x00007ff801d7b000 	C:\WINDOWS\SYSTEM32\NTASN1.dll
0x00007fffef290000 - 0x00007fffef2b5000 	C:\Program Files\Java\jdk-11.0.11\bin\sunec.dll
0x00007ff801c70000 - 0x00007ff801c88000 	C:\WINDOWS\SYSTEM32\CRYPTSP.dll
0x00007ff801380000 - 0x00007ff8013b4000 	C:\WINDOWS\system32\rsaenh.dll
0x00007ff802bc0000 - 0x00007ff802be7000 	C:\WINDOWS\System32\bcrypt.dll
0x00007ff8021b0000 - 0x00007ff8021de000 	C:\WINDOWS\SYSTEM32\USERENV.dll
0x00007ff801c60000 - 0x00007ff801c6c000 	C:\WINDOWS\SYSTEM32\CRYPTBASE.dll
0x00007ff801710000 - 0x00007ff80174b000 	C:\WINDOWS\SYSTEM32\IPHLPAPI.DLL
0x00007ff803590000 - 0x00007ff803598000 	C:\WINDOWS\System32\NSI.dll
0x00007ffff7020000 - 0x00007ffff7037000 	C:\WINDOWS\SYSTEM32\dhcpcsvc6.DLL
0x00007ffff6eb0000 - 0x00007ffff6ecd000 	C:\WINDOWS\SYSTEM32\dhcpcsvc.DLL
0x00007ff801750000 - 0x00007ff80181a000 	C:\WINDOWS\SYSTEM32\DNSAPI.dll
0x00007ffff85f0000 - 0x00007ffff85fa000 	C:\Windows\System32\rasadhlp.dll
0x00007ffff3330000 - 0x00007ffff33af000 	C:\WINDOWS\System32\fwpuclnt.dll

dbghelp: loaded successfully - version: 4.0.5 - missing functions: none
symbol engine: initialized successfully - sym options: 0x614 - pdb path: .;C:\Program Files\Java\jdk-11.0.11\bin;C:\WINDOWS\SYSTEM32;C:\WINDOWS\WinSxS\amd64_microsoft.windows.common-controls_6595b64144ccf1df_6.0.19041.1110_none_60b5254171f9507e;C:\Program Files\Java\jdk-11.0.11\bin\server

VM Arguments:
jvm_args: -ea -Dfile.encoding=UTF-8 
java_command: org.eclipse.jdt.internal.junit.runner.RemoteTestRunner -version 3 -port 49995 -testLoaderClass org.eclipse.jdt.internal.junit4.runner.JUnit4TestLoader -loaderpluginname org.eclipse.jdt.junit4.runtime -classNames cucumberOptions.TestRunner
java_class_path (initial): D:\Automation_learning\08-Maven-Cucumber Framework\target\test-classes;D:\Automation_learning\08-Maven-Cucumber Framework\target\classes;C:\Users\Kim Ngan\.m2\repository\info\cukes\cucumber-java\1.2.5\cucumber-java-1.2.5.jar;C:\Users\Kim Ngan\.m2\repository\info\cukes\cucumber-core\1.2.5\cucumber-core-1.2.5.jar;C:\Users\Kim Ngan\.m2\repository\info\cukes\cucumber-html\0.2.3\cucumber-html-0.2.3.jar;C:\Users\Kim Ngan\.m2\repository\info\cukes\cucumber-jvm-deps\1.0.5\cucumber-jvm-deps-1.0.5.jar;C:\Users\Kim Ngan\.m2\repository\info\cukes\gherkin\2.12.2\gherkin-2.12.2.jar;C:\Users\Kim Ngan\.m2\repository\info\cukes\cucumber-junit\1.2.5\cucumber-junit-1.2.5.jar;C:\Users\Kim Ngan\.m2\repository\junit\junit\4.12\junit-4.12.jar;C:\Users\Kim Ngan\.m2\repository\org\hamcrest\hamcrest-core\1.3\hamcrest-core-1.3.jar;C:\Users\Kim Ngan\.m2\repository\org\seleniumhq\selenium\selenium-java\3.141.59\selenium-java-3.141.59.jar;C:\Users\Kim Ngan\.m2\repository\org\seleniumhq\selenium\selenium-api\3.141.59\selenium-api-3.141.59.jar;C:\Users\Kim Ngan\.m2\repository\org\seleniumhq\selenium\selenium-chrome-driver\3.141.59\selenium-chrome-driver-3.141.59.jar;C:\Users\Kim Ngan\.m2\repository\org\seleniumhq\selenium\selenium-edge-driver\3.141.59\selenium-edge-driver-3.141.59.jar;C:\Users\Kim Ngan\.m2\repository\org\seleniumhq\selenium\selenium-firefox-driver\3.141.59\selenium-firefox-driver-3.141.59.jar;C:\Users\Kim Ngan\.m2\repository\org\seleniumhq\selenium\selenium-ie-driver\3.141.59\selenium-ie-driver-3.141.59.jar;C:\Users\Kim Ngan\.m2\repository\org\seleniumhq\selenium\selenium-opera-driver\3.141.59\selenium-opera-driver-3.141.59.jar;C:\Users\Kim Ngan\.m2\repository\org\seleniumhq\selenium\selenium-remote-driver\3.141.59\selenium-remote-driver-3.141.59.jar;C:\Users\Kim Ngan\.m2\repository\org\seleniumhq\selenium\selenium-safari-driver\3.141.59\selenium-safari-driver-3.141.59.jar;C:\Users\Kim Ngan\.m2\repository\org\seleniumhq\selenium\selenium-support\3.141.
Launcher Type: SUN_STANDARD

[Global flags]
     intx CICompilerCount                          = 3                                         {product} {ergonomic}
     uint ConcGCThreads                            = 1                                         {product} {ergonomic}
     uint G1ConcRefinementThreads                  = 4                                         {product} {ergonomic}
   size_t G1HeapRegionSize                         = 1048576                                   {product} {ergonomic}
    uintx GCDrainStackTargetSize                   = 64                                        {product} {ergonomic}
   size_t InitialHeapSize                          = 65011712                                  {product} {ergonomic}
   size_t MarkStackSize                            = 4194304                                   {product} {ergonomic}
   size_t MaxHeapSize                              = 1038090240                                {product} {ergonomic}
   size_t MaxNewSize                               = 622854144                                 {product} {ergonomic}
   size_t MinHeapDeltaBytes                        = 1048576                                   {product} {ergonomic}
    uintx NonNMethodCodeHeapSize                   = 5830732                                {pd product} {ergonomic}
    uintx NonProfiledCodeHeapSize                  = 122913754                              {pd product} {ergonomic}
    uintx ProfiledCodeHeapSize                     = 122913754                              {pd product} {ergonomic}
    uintx ReservedCodeCacheSize                    = 251658240                              {pd product} {ergonomic}
     bool SegmentedCodeCache                       = true                                      {product} {ergonomic}
     bool UseCompressedClassPointers               = true                                 {lp64_product} {ergonomic}
     bool UseCompressedOops                        = true                                 {lp64_product} {ergonomic}
     bool UseG1GC                                  = true                                      {product} {ergonomic}
     bool UseLargePagesIndividualAllocation        = false                                  {pd product} {ergonomic}

Logging:
Log output configuration:
 #0: stdout all=warning uptime,level,tags
 #1: stderr all=off uptime,level,tags

Environment Variables:
JAVA_HOME=C:\Program Files\Java\jdk-11.0.11
PATH=D:/Automation_learning/01-Software/eclipse-java-2021-03-R-win32-x86_64/eclipse//plugins/org.eclipse.justj.openjdk.hotspot.jre.full.win32.x86_64_15.0.2.v20210201-0955/jre/bin/server;D:/Automation_learning/01-Software/eclipse-java-2021-03-R-win32-x86_64/eclipse//plugins/org.eclipse.justj.openjdk.hotspot.jre.full.win32.x86_64_15.0.2.v20210201-0955/jre/bin;C:\Program Files\Common Files\Oracle\Java\javapath;C:\Program Files (x86)\Common Files\Intel\Shared Libraries\redist\intel64\compiler;C:\app\Giun\product\12.1.0\dbhome_1\bin;C:\Program Files\Microsoft MPI\Bin\;C:\WINDOWS\system32;C:\WINDOWS;C:\WINDOWS\System32\Wbem;C:\WINDOWS\System32\WindowsPowerShell\v1.0\;C:\Program Files\dotnet\;C:\WINDOWS\System32\OpenSSH\;C:\Program Files\Java\jdk-15.0.1\bin;C:\Program Files\Java\jdk\bin;C:\Program Files\Java\jdk-11.0.11\bin;C:\Program Files\Git\cmd;C:\Program Files\Java\jdk-11.0.11\bin;D:\Automation_learning\01-Software\allure-commandline-2.13.5\allure-2.13.5\bin;%MAVEN-HOME%\bin;C:\Users\Kim Ngan\AppData\Local\Microsoft\WindowsApps;D:\file_cai_dat\mvn\apache-maven-3.6.3-bin\apache-maven-3.6.3\bin;;D:\Automation_learning\01-Software\eclipse-java-2021-03-R-win32-x86_64\eclipse;
USERNAME=Kim Ngan
OS=Windows_NT
PROCESSOR_IDENTIFIER=Intel64 Family 6 Model 58 Stepping 9, GenuineIntel



---------------  S Y S T E M  ---------------

OS: Windows 10 , 64 bit Build 19041 (10.0.19041.1566)

CPU:total 4 (initial active 4) (2 cores per cpu, 2 threads per core) family 6 model 58 stepping 9 microcode 0x21, cmov, cx8, fxsr, mmx, sse, sse2, sse3, ssse3, sse4.1, sse4.2, popcnt, avx, aes, clmul, erms, ht, tsc, tscinvbit, tscinv

Memory: 4k page, system-wide physical 3959M (123M free)
TotalPageFile size 16247M (AvailPageFile size 5M)
current process WorkingSet (physical memory assigned to process): 139M, peak: 139M
current process commit charge ("private bytes"): 183M, peak: 183M

vm_info: Java HotSpot(TM) 64-Bit Server VM (11.0.11+9-LTS-194) for windows-amd64 JRE (11.0.11+9-LTS-194), built on Mar 18 2021 18:46:53 by "mach5one" with MS VC++ 15.9 (VS2017)

END.
